<?xml version="1.0" encoding="UTF-8"?>
<testsuite xmlns:xsi="http://www.w3.org/2001/XMLSchema-instance" xsi:noNamespaceSchemaLocation="https://maven.apache.org/surefire/maven-surefire-plugin/xsd/surefire-test-report.xsd" name="com.westross.depictor.DepictionEngineApplicationTests" time="3.38" tests="1" errors="0" skipped="0" failures="0">
  <properties>
    <property name="java.specification.version" value="15"/>
    <property name="sun.cpu.isalist" value="amd64"/>
    <property name="sun.jnu.encoding" value="Cp1252"/>
    <property name="java.class.path" value="C:\Users\RossW\eclipse-workspace\depiction-engine\target\test-classes;C:\Users\RossW\eclipse-workspace\depiction-engine\target\classes;C:\Users\RossW\.m2\repository\org\springframework\boot\spring-boot-starter\2.4.4\spring-boot-starter-2.4.4.jar;C:\Users\RossW\.m2\repository\org\springframework\boot\spring-boot\2.4.4\spring-boot-2.4.4.jar;C:\Users\RossW\.m2\repository\org\springframework\spring-context\5.3.5\spring-context-5.3.5.jar;C:\Users\RossW\.m2\repository\org\springframework\boot\spring-boot-autoconfigure\2.4.4\spring-boot-autoconfigure-2.4.4.jar;C:\Users\RossW\.m2\repository\org\springframework\boot\spring-boot-starter-logging\2.4.4\spring-boot-starter-logging-2.4.4.jar;C:\Users\RossW\.m2\repository\ch\qos\logback\logback-classic\1.2.3\logback-classic-1.2.3.jar;C:\Users\RossW\.m2\repository\ch\qos\logback\logback-core\1.2.3\logback-core-1.2.3.jar;C:\Users\RossW\.m2\repository\org\apache\logging\log4j\log4j-to-slf4j\2.13.3\log4j-to-slf4j-2.13.3.jar;C:\Users\RossW\.m2\repository\org\apache\logging\log4j\log4j-api\2.13.3\log4j-api-2.13.3.jar;C:\Users\RossW\.m2\repository\org\slf4j\jul-to-slf4j\1.7.30\jul-to-slf4j-1.7.30.jar;C:\Users\RossW\.m2\repository\jakarta\annotation\jakarta.annotation-api\1.3.5\jakarta.annotation-api-1.3.5.jar;C:\Users\RossW\.m2\repository\org\springframework\spring-core\5.3.5\spring-core-5.3.5.jar;C:\Users\RossW\.m2\repository\org\springframework\spring-jcl\5.3.5\spring-jcl-5.3.5.jar;C:\Users\RossW\.m2\repository\org\yaml\snakeyaml\1.27\snakeyaml-1.27.jar;C:\Users\RossW\.m2\repository\org\springframework\spring-web\5.3.5\spring-web-5.3.5.jar;C:\Users\RossW\.m2\repository\org\springframework\spring-beans\5.3.5\spring-beans-5.3.5.jar;C:\Users\RossW\.m2\repository\com\h2database\h2\1.4.200\h2-1.4.200.jar;C:\Users\RossW\.m2\repository\org\springframework\boot\spring-boot-starter-test\2.4.4\spring-boot-starter-test-2.4.4.jar;C:\Users\RossW\.m2\repository\org\springframework\boot\spring-boot-test\2.4.4\spring-boot-test-2.4.4.jar;C:\Users\RossW\.m2\repository\org\springframework\boot\spring-boot-test-autoconfigure\2.4.4\spring-boot-test-autoconfigure-2.4.4.jar;C:\Users\RossW\.m2\repository\com\jayway\jsonpath\json-path\2.4.0\json-path-2.4.0.jar;C:\Users\RossW\.m2\repository\net\minidev\json-smart\2.3\json-smart-2.3.jar;C:\Users\RossW\.m2\repository\net\minidev\accessors-smart\1.2\accessors-smart-1.2.jar;C:\Users\RossW\.m2\repository\org\ow2\asm\asm\5.0.4\asm-5.0.4.jar;C:\Users\RossW\.m2\repository\jakarta\xml\bind\jakarta.xml.bind-api\2.3.3\jakarta.xml.bind-api-2.3.3.jar;C:\Users\RossW\.m2\repository\jakarta\activation\jakarta.activation-api\1.2.2\jakarta.activation-api-1.2.2.jar;C:\Users\RossW\.m2\repository\org\assertj\assertj-core\3.18.1\assertj-core-3.18.1.jar;C:\Users\RossW\.m2\repository\org\hamcrest\hamcrest\2.2\hamcrest-2.2.jar;C:\Users\RossW\.m2\repository\org\junit\jupiter\junit-jupiter\5.7.1\junit-jupiter-5.7.1.jar;C:\Users\RossW\.m2\repository\org\junit\jupiter\junit-jupiter-api\5.7.1\junit-jupiter-api-5.7.1.jar;C:\Users\RossW\.m2\repository\org\apiguardian\apiguardian-api\1.1.0\apiguardian-api-1.1.0.jar;C:\Users\RossW\.m2\repository\org\opentest4j\opentest4j\1.2.0\opentest4j-1.2.0.jar;C:\Users\RossW\.m2\repository\org\junit\platform\junit-platform-commons\1.7.1\junit-platform-commons-1.7.1.jar;C:\Users\RossW\.m2\repository\org\junit\jupiter\junit-jupiter-params\5.7.1\junit-jupiter-params-5.7.1.jar;C:\Users\RossW\.m2\repository\org\junit\jupiter\junit-jupiter-engine\5.7.1\junit-jupiter-engine-5.7.1.jar;C:\Users\RossW\.m2\repository\org\junit\platform\junit-platform-engine\1.7.1\junit-platform-engine-1.7.1.jar;C:\Users\RossW\.m2\repository\org\mockito\mockito-core\3.6.28\mockito-core-3.6.28.jar;C:\Users\RossW\.m2\repository\net\bytebuddy\byte-buddy\1.10.22\byte-buddy-1.10.22.jar;C:\Users\RossW\.m2\repository\net\bytebuddy\byte-buddy-agent\1.10.22\byte-buddy-agent-1.10.22.jar;C:\Users\RossW\.m2\repository\org\objenesis\objenesis\3.1\objenesis-3.1.jar;C:\Users\RossW\.m2\repository\org\mockito\mockito-junit-jupiter\3.6.28\mockito-junit-jupiter-3.6.28.jar;C:\Users\RossW\.m2\repository\org\skyscreamer\jsonassert\1.5.0\jsonassert-1.5.0.jar;C:\Users\RossW\.m2\repository\com\vaadin\external\google\android-json\0.0.20131108.vaadin1\android-json-0.0.20131108.vaadin1.jar;C:\Users\RossW\.m2\repository\org\springframework\spring-test\5.3.5\spring-test-5.3.5.jar;C:\Users\RossW\.m2\repository\org\xmlunit\xmlunit-core\2.7.0\xmlunit-core-2.7.0.jar;C:\Users\RossW\.m2\repository\org\openscience\cdk\cdk-bundle\2.3\cdk-bundle-2.3.jar;C:\Users\RossW\.m2\repository\org\openscience\cdk\cdk-interfaces\2.3\cdk-interfaces-2.3.jar;C:\Users\RossW\.m2\repository\javax\vecmath\vecmath\1.5.2\vecmath-1.5.2.jar;C:\Users\RossW\.m2\repository\org\openscience\cdk\cdk-core\2.3\cdk-core-2.3.jar;C:\Users\RossW\.m2\repository\com\google\guava\guava\17.0\guava-17.0.jar;C:\Users\RossW\.m2\repository\org\openscience\cdk\cdk-standard\2.3\cdk-standard-2.3.jar;C:\Users\RossW\.m2\repository\org\openscience\cdk\cdk-atomtype\2.3\cdk-atomtype-2.3.jar;C:\Users\RossW\.m2\repository\org\openscience\cdk\cdk-valencycheck\2.3\cdk-valencycheck-2.3.jar;C:\Users\RossW\.m2\repository\org\openscience\cdk\cdk-diff\2.3\cdk-diff-2.3.jar;C:\Users\RossW\.m2\repository\org\openscience\cdk\cdk-data\2.3\cdk-data-2.3.jar;C:\Users\RossW\.m2\repository\org\openscience\cdk\cdk-ioformats\2.3\cdk-ioformats-2.3.jar;C:\Users\RossW\.m2\repository\org\openscience\cdk\cdk-silent\2.3\cdk-silent-2.3.jar;C:\Users\RossW\.m2\repository\org\openscience\cdk\cdk-isomorphism\2.3\cdk-isomorphism-2.3.jar;C:\Users\RossW\.m2\repository\org\openscience\cdk\cdk-datadebug\2.3\cdk-datadebug-2.3.jar;C:\Users\RossW\.m2\repository\org\openscience\cdk\cdk-io\2.3\cdk-io-2.3.jar;C:\Users\RossW\.m2\repository\org\openscience\cdk\cdk-formula\2.3\cdk-formula-2.3.jar;C:\Users\RossW\.m2\repository\org\openscience\cdk\cdk-dict\2.3\cdk-dict-2.3.jar;C:\Users\RossW\.m2\repository\xom\xom\1.2.5\xom-1.2.5.jar;C:\Users\RossW\.m2\repository\xerces\xercesImpl\2.8.0\xercesImpl-2.8.0.jar;C:\Users\RossW\.m2\repository\xalan\xalan\2.7.0\xalan-2.7.0.jar;C:\Users\RossW\.m2\repository\xml-apis\xml-apis\1.3.03\xml-apis-1.3.03.jar;C:\Users\RossW\.m2\repository\org\openscience\cdk\cdk-pdb\2.3\cdk-pdb-2.3.jar;C:\Users\RossW\.m2\repository\org\openscience\cdk\cdk-ctab\2.3\cdk-ctab-2.3.jar;C:\Users\RossW\.m2\repository\org\openscience\cdk\cdk-libiocml\2.3\cdk-libiocml-2.3.jar;C:\Users\RossW\.m2\repository\org\xml-cml\cmlxom\3.1\cmlxom-3.1.jar;C:\Users\RossW\.m2\repository\org\xml-cml\euclid\1.0.1\euclid-1.0.1.jar;C:\Users\RossW\.m2\repository\org\apache\commons\commons-math\2.2\commons-math-2.2.jar;C:\Users\RossW\.m2\repository\org\ccil\cowan\tagsoup\tagsoup\1.2\tagsoup-1.2.jar;C:\Users\RossW\.m2\repository\log4j\log4j\1.2.16\log4j-1.2.16.jar;C:\Users\RossW\.m2\repository\joda-time\joda-time\1.6.2\joda-time-1.6.2.jar;C:\Users\RossW\.m2\repository\commons-io\commons-io\2.0.1\commons-io-2.0.1.jar;C:\Users\RossW\.m2\repository\org\openscience\cdk\cdk-smiles\2.3\cdk-smiles-2.3.jar;C:\Users\RossW\.m2\repository\uk\ac\ebi\beam\beam-core\1.3.3\beam-core-1.3.3.jar;C:\Users\RossW\.m2\repository\uk\ac\ebi\beam\beam-func\1.3.3\beam-func-1.3.3.jar;C:\Users\RossW\.m2\repository\org\openscience\cdk\cdk-extra\2.3\cdk-extra-2.3.jar;C:\Users\RossW\.m2\repository\gov\nist\math\jama\1.0.3\jama-1.0.3.jar;C:\Users\RossW\.m2\repository\org\openscience\cdk\cdk-smarts\2.3\cdk-smarts-2.3.jar;C:\Users\RossW\.m2\repository\org\openscience\cdk\cdk-reaction\2.3\cdk-reaction-2.3.jar;C:\Users\RossW\.m2\repository\org\openscience\cdk\cdk-fingerprint\2.3\cdk-fingerprint-2.3.jar;C:\Users\RossW\.m2\repository\org\apache\commons\commons-math3\3.1.1\commons-math3-3.1.1.jar;C:\Users\RossW\.m2\repository\org\openscience\cdk\cdk-cip\2.3\cdk-cip-2.3.jar;C:\Users\RossW\.m2\repository\org\openscience\cdk\cdk-signature\2.3\cdk-signature-2.3.jar;C:\Users\RossW\.m2\repository\com\github\gilleain\signatures\signatures\1.1\signatures-1.1.jar;C:\Users\RossW\.m2\repository\org\openscience\cdk\cdk-charges\2.3\cdk-charges-2.3.jar;C:\Users\RossW\.m2\repository\org\openscience\cdk\cdk-forcefield\2.3\cdk-forcefield-2.3.jar;C:\Users\RossW\.m2\repository\org\openscience\cdk\cdk-sdg\2.3\cdk-sdg-2.3.jar;C:\Users\RossW\.m2\repository\org\openscience\cdk\cdk-builder3dtools\2.3\cdk-builder3dtools-2.3.jar;C:\Users\RossW\.m2\repository\org\openscience\cdk\cdk-builder3d\2.3\cdk-builder3d-2.3.jar;C:\Users\RossW\.m2\repository\org\openscience\cdk\cdk-qsar\2.3\cdk-qsar-2.3.jar;C:\Users\RossW\.m2\repository\org\openscience\cdk\cdk-ionpot\2.3\cdk-ionpot-2.3.jar;C:\Users\RossW\.m2\repository\org\openscience\cdk\cdk-qsaratomic\2.3\cdk-qsaratomic-2.3.jar;C:\Users\RossW\.m2\repository\org\openscience\cdk\cdk-qsarbond\2.3\cdk-qsarbond-2.3.jar;C:\Users\RossW\.m2\repository\org\openscience\cdk\cdk-hash\2.3\cdk-hash-2.3.jar;C:\Users\RossW\.m2\repository\org\openscience\cdk\cdk-fragment\2.3\cdk-fragment-2.3.jar;C:\Users\RossW\.m2\repository\org\openscience\cdk\cdk-model\2.3\cdk-model-2.3.jar;C:\Users\RossW\.m2\repository\org\openscience\cdk\cdk-qsarmolecular\2.3\cdk-qsarmolecular-2.3.jar;C:\Users\RossW\.m2\repository\org\openscience\cdk\cdk-qsarcml\2.3\cdk-qsarcml-2.3.jar;C:\Users\RossW\.m2\repository\org\openscience\cdk\cdk-qsarionpot\2.3\cdk-qsarionpot-2.3.jar;C:\Users\RossW\.m2\repository\org\openscience\cdk\cdk-qsarprotein\2.3\cdk-qsarprotein-2.3.jar;C:\Users\RossW\.m2\repository\org\openscience\cdk\cdk-render\2.3\cdk-render-2.3.jar;C:\Users\RossW\.m2\repository\org\openscience\cdk\cdk-renderbasic\2.3\cdk-renderbasic-2.3.jar;C:\Users\RossW\.m2\repository\org\openscience\cdk\cdk-renderawt\2.3\cdk-renderawt-2.3.jar;C:\Users\RossW\.m2\repository\org\openscience\cdk\cdk-renderextra\2.3\cdk-renderextra-2.3.jar;C:\Users\RossW\.m2\repository\org\openscience\cdk\cdk-control\2.3\cdk-control-2.3.jar;C:\Users\RossW\.m2\repository\org\openscience\cdk\cdk-qm\2.3\cdk-qm-2.3.jar;C:\Users\RossW\.m2\repository\org\openscience\cdk\cdk-iordf\2.3\cdk-iordf-2.3.jar;C:\Users\RossW\.m2\repository\org\apache\jena\jena-core\2.7.4\jena-core-2.7.4.jar;C:\Users\RossW\.m2\repository\org\apache\jena\jena-iri\0.9.4\jena-iri-0.9.4.jar;C:\Users\RossW\.m2\repository\org\openscience\cdk\cdk-libiomd\2.3\cdk-libiomd-2.3.jar;C:\Users\RossW\.m2\repository\org\openscience\cdk\cdk-pdbcml\2.3\cdk-pdbcml-2.3.jar;C:\Users\RossW\.m2\repository\org\openscience\cdk\cdk-inchi\2.3\cdk-inchi-2.3.jar;C:\Users\RossW\.m2\repository\net\sf\jni-inchi\jni-inchi\0.8\jni-inchi-0.8.jar;C:\Users\RossW\.m2\repository\net\sf\jnati\jnati-deploy\0.4\jnati-deploy-0.4.jar;C:\Users\RossW\.m2\repository\net\sf\jnati\jnati-core\0.4\jnati-core-0.4.jar;C:\Users\RossW\.m2\repository\org\openscience\cdk\cdk-group\2.3\cdk-group-2.3.jar;C:\Users\RossW\.m2\repository\org\openscience\cdk\cdk-pcore\2.3\cdk-pcore-2.3.jar;C:\Users\RossW\.m2\repository\org\openscience\cdk\cdk-smsd\2.3\cdk-smsd-2.3.jar;C:\Users\RossW\.m2\repository\org\openscience\cdk\cdk-structgen\2.3\cdk-structgen-2.3.jar;C:\Users\RossW\.m2\repository\org\openscience\cdk\cdk-tautomer\2.3\cdk-tautomer-2.3.jar;C:\Users\RossW\.m2\repository\org\openscience\cdk\cdk-legacy\2.3\cdk-legacy-2.3.jar;C:\Users\RossW\.m2\repository\jgrapht\jgrapht\0.6.0\jgrapht-0.6.0.jar;C:\Users\RossW\.m2\repository\org\openscience\cdk\cdk-depict\2.3\cdk-depict-2.3.jar;C:\Users\RossW\.m2\repository\org\freehep\freehep-graphicsio-svg\2.4\freehep-graphicsio-svg-2.4.jar;C:\Users\RossW\.m2\repository\org\freehep\freehep-graphics2d\2.4\freehep-graphics2d-2.4.jar;C:\Users\RossW\.m2\repository\junit\junit\4.13.2\junit-4.13.2.jar;C:\Users\RossW\.m2\repository\org\hamcrest\hamcrest-core\2.2\hamcrest-core-2.2.jar;C:\Users\RossW\.m2\repository\org\freehep\freehep-graphicsio\2.4\freehep-graphicsio-2.4.jar;C:\Users\RossW\.m2\repository\org\freehep\freehep-io\2.2.2\freehep-io-2.2.2.jar;C:\Users\RossW\.m2\repository\org\freehep\freehep-graphicsio-tests\2.4\freehep-graphicsio-tests-2.4.jar;C:\Users\RossW\.m2\repository\org\freehep\freehep-graphicsbase\2.4\freehep-graphicsbase-2.4.jar;C:\Users\RossW\.m2\repository\org\freehep\freehep-graphicsio-pdf\2.4\freehep-graphicsio-pdf-2.4.jar;C:\Users\RossW\.m2\repository\org\freehep\freehep-graphicsio-ps\2.4\freehep-graphicsio-ps-2.4.jar;C:\Users\RossW\.m2\repository\org\projectlombok\lombok\1.18.18\lombok-1.18.18.jar;C:\Users\RossW\.m2\repository\org\springframework\boot\spring-boot-starter-web\2.4.4\spring-boot-starter-web-2.4.4.jar;C:\Users\RossW\.m2\repository\org\springframework\boot\spring-boot-starter-json\2.4.4\spring-boot-starter-json-2.4.4.jar;C:\Users\RossW\.m2\repository\com\fasterxml\jackson\core\jackson-databind\2.11.4\jackson-databind-2.11.4.jar;C:\Users\RossW\.m2\repository\com\fasterxml\jackson\core\jackson-core\2.11.4\jackson-core-2.11.4.jar;C:\Users\RossW\.m2\repository\com\fasterxml\jackson\datatype\jackson-datatype-jdk8\2.11.4\jackson-datatype-jdk8-2.11.4.jar;C:\Users\RossW\.m2\repository\com\fasterxml\jackson\datatype\jackson-datatype-jsr310\2.11.4\jackson-datatype-jsr310-2.11.4.jar;C:\Users\RossW\.m2\repository\com\fasterxml\jackson\module\jackson-module-parameter-names\2.11.4\jackson-module-parameter-names-2.11.4.jar;C:\Users\RossW\.m2\repository\org\springframework\boot\spring-boot-starter-tomcat\2.4.4\spring-boot-starter-tomcat-2.4.4.jar;C:\Users\RossW\.m2\repository\org\apache\tomcat\embed\tomcat-embed-core\9.0.44\tomcat-embed-core-9.0.44.jar;C:\Users\RossW\.m2\repository\org\glassfish\jakarta.el\3.0.3\jakarta.el-3.0.3.jar;C:\Users\RossW\.m2\repository\org\apache\tomcat\embed\tomcat-embed-websocket\9.0.44\tomcat-embed-websocket-9.0.44.jar;C:\Users\RossW\.m2\repository\org\springframework\spring-webmvc\5.3.5\spring-webmvc-5.3.5.jar;C:\Users\RossW\.m2\repository\org\springframework\spring-aop\5.3.5\spring-aop-5.3.5.jar;C:\Users\RossW\.m2\repository\org\springframework\spring-expression\5.3.5\spring-expression-5.3.5.jar;C:\Users\RossW\.m2\repository\io\springfox\springfox-swagger2\3.0.0\springfox-swagger2-3.0.0.jar;C:\Users\RossW\.m2\repository\io\springfox\springfox-spi\3.0.0\springfox-spi-3.0.0.jar;C:\Users\RossW\.m2\repository\io\springfox\springfox-core\3.0.0\springfox-core-3.0.0.jar;C:\Users\RossW\.m2\repository\io\springfox\springfox-schema\3.0.0\springfox-schema-3.0.0.jar;C:\Users\RossW\.m2\repository\io\springfox\springfox-swagger-common\3.0.0\springfox-swagger-common-3.0.0.jar;C:\Users\RossW\.m2\repository\io\swagger\core\v3\swagger-annotations\2.1.2\swagger-annotations-2.1.2.jar;C:\Users\RossW\.m2\repository\io\springfox\springfox-spring-web\3.0.0\springfox-spring-web-3.0.0.jar;C:\Users\RossW\.m2\repository\io\github\classgraph\classgraph\4.8.83\classgraph-4.8.83.jar;C:\Users\RossW\.m2\repository\io\springfox\springfox-spring-webmvc\3.0.0\springfox-spring-webmvc-3.0.0.jar;C:\Users\RossW\.m2\repository\io\springfox\springfox-spring-webflux\3.0.0\springfox-spring-webflux-3.0.0.jar;C:\Users\RossW\.m2\repository\com\fasterxml\classmate\1.5.1\classmate-1.5.1.jar;C:\Users\RossW\.m2\repository\org\slf4j\slf4j-api\1.7.30\slf4j-api-1.7.30.jar;C:\Users\RossW\.m2\repository\org\springframework\plugin\spring-plugin-core\2.0.0.RELEASE\spring-plugin-core-2.0.0.RELEASE.jar;C:\Users\RossW\.m2\repository\org\springframework\plugin\spring-plugin-metadata\2.0.0.RELEASE\spring-plugin-metadata-2.0.0.RELEASE.jar;C:\Users\RossW\.m2\repository\io\swagger\swagger-annotations\1.5.20\swagger-annotations-1.5.20.jar;C:\Users\RossW\.m2\repository\io\swagger\swagger-models\1.5.20\swagger-models-1.5.20.jar;C:\Users\RossW\.m2\repository\com\fasterxml\jackson\core\jackson-annotations\2.11.4\jackson-annotations-2.11.4.jar;C:\Users\RossW\.m2\repository\org\mapstruct\mapstruct\1.3.1.Final\mapstruct-1.3.1.Final.jar;C:\Users\RossW\.m2\repository\io\springfox\springfox-boot-starter\3.0.0\springfox-boot-starter-3.0.0.jar;C:\Users\RossW\.m2\repository\io\springfox\springfox-oas\3.0.0\springfox-oas-3.0.0.jar;C:\Users\RossW\.m2\repository\io\swagger\core\v3\swagger-models\2.1.2\swagger-models-2.1.2.jar;C:\Users\RossW\.m2\repository\io\springfox\springfox-data-rest\3.0.0\springfox-data-rest-3.0.0.jar;C:\Users\RossW\.m2\repository\io\springfox\springfox-bean-validators\3.0.0\springfox-bean-validators-3.0.0.jar;C:\Users\RossW\.m2\repository\io\springfox\springfox-swagger-ui\2.9.2\springfox-swagger-ui-2.9.2.jar;"/>
    <property name="java.vm.vendor" value="Oracle Corporation"/>
    <property name="sun.arch.data.model" value="64"/>
    <property name="user.variant" value=""/>
    <property name="java.vendor.url" value="https://java.oracle.com/"/>
    <property name="user.timezone" value="Europe/London"/>
    <property name="os.name" value="Windows 10"/>
    <property name="java.vm.specification.version" value="15"/>
    <property name="sun.java.launcher" value="SUN_STANDARD"/>
    <property name="user.country" value="GB"/>
    <property name="sun.boot.library.path" value="C:\Users\RossW\.p2\pool\plugins\org.eclipse.justj.openjdk.hotspot.jre.full.win32.x86_64_15.0.2.v20210201-0955\jre\bin"/>
    <property name="sun.java.command" value="C:\Users\RossW\AppData\Local\Temp\surefire5727025333214132569\surefirebooter11717021756443888230.jar C:\Users\RossW\AppData\Local\Temp\surefire5727025333214132569 2021-04-12T00-56-07_719-jvmRun1 surefire7777623257565628474tmp surefire_04458967356767785438tmp"/>
    <property name="jdk.debug" value="release"/>
    <property name="surefire.test.class.path" value="C:\Users\RossW\eclipse-workspace\depiction-engine\target\test-classes;C:\Users\RossW\eclipse-workspace\depiction-engine\target\classes;C:\Users\RossW\.m2\repository\org\springframework\boot\spring-boot-starter\2.4.4\spring-boot-starter-2.4.4.jar;C:\Users\RossW\.m2\repository\org\springframework\boot\spring-boot\2.4.4\spring-boot-2.4.4.jar;C:\Users\RossW\.m2\repository\org\springframework\spring-context\5.3.5\spring-context-5.3.5.jar;C:\Users\RossW\.m2\repository\org\springframework\boot\spring-boot-autoconfigure\2.4.4\spring-boot-autoconfigure-2.4.4.jar;C:\Users\RossW\.m2\repository\org\springframework\boot\spring-boot-starter-logging\2.4.4\spring-boot-starter-logging-2.4.4.jar;C:\Users\RossW\.m2\repository\ch\qos\logback\logback-classic\1.2.3\logback-classic-1.2.3.jar;C:\Users\RossW\.m2\repository\ch\qos\logback\logback-core\1.2.3\logback-core-1.2.3.jar;C:\Users\RossW\.m2\repository\org\apache\logging\log4j\log4j-to-slf4j\2.13.3\log4j-to-slf4j-2.13.3.jar;C:\Users\RossW\.m2\repository\org\apache\logging\log4j\log4j-api\2.13.3\log4j-api-2.13.3.jar;C:\Users\RossW\.m2\repository\org\slf4j\jul-to-slf4j\1.7.30\jul-to-slf4j-1.7.30.jar;C:\Users\RossW\.m2\repository\jakarta\annotation\jakarta.annotation-api\1.3.5\jakarta.annotation-api-1.3.5.jar;C:\Users\RossW\.m2\repository\org\springframework\spring-core\5.3.5\spring-core-5.3.5.jar;C:\Users\RossW\.m2\repository\org\springframework\spring-jcl\5.3.5\spring-jcl-5.3.5.jar;C:\Users\RossW\.m2\repository\org\yaml\snakeyaml\1.27\snakeyaml-1.27.jar;C:\Users\RossW\.m2\repository\org\springframework\spring-web\5.3.5\spring-web-5.3.5.jar;C:\Users\RossW\.m2\repository\org\springframework\spring-beans\5.3.5\spring-beans-5.3.5.jar;C:\Users\RossW\.m2\repository\com\h2database\h2\1.4.200\h2-1.4.200.jar;C:\Users\RossW\.m2\repository\org\springframework\boot\spring-boot-starter-test\2.4.4\spring-boot-starter-test-2.4.4.jar;C:\Users\RossW\.m2\repository\org\springframework\boot\spring-boot-test\2.4.4\spring-boot-test-2.4.4.jar;C:\Users\RossW\.m2\repository\org\springframework\boot\spring-boot-test-autoconfigure\2.4.4\spring-boot-test-autoconfigure-2.4.4.jar;C:\Users\RossW\.m2\repository\com\jayway\jsonpath\json-path\2.4.0\json-path-2.4.0.jar;C:\Users\RossW\.m2\repository\net\minidev\json-smart\2.3\json-smart-2.3.jar;C:\Users\RossW\.m2\repository\net\minidev\accessors-smart\1.2\accessors-smart-1.2.jar;C:\Users\RossW\.m2\repository\org\ow2\asm\asm\5.0.4\asm-5.0.4.jar;C:\Users\RossW\.m2\repository\jakarta\xml\bind\jakarta.xml.bind-api\2.3.3\jakarta.xml.bind-api-2.3.3.jar;C:\Users\RossW\.m2\repository\jakarta\activation\jakarta.activation-api\1.2.2\jakarta.activation-api-1.2.2.jar;C:\Users\RossW\.m2\repository\org\assertj\assertj-core\3.18.1\assertj-core-3.18.1.jar;C:\Users\RossW\.m2\repository\org\hamcrest\hamcrest\2.2\hamcrest-2.2.jar;C:\Users\RossW\.m2\repository\org\junit\jupiter\junit-jupiter\5.7.1\junit-jupiter-5.7.1.jar;C:\Users\RossW\.m2\repository\org\junit\jupiter\junit-jupiter-api\5.7.1\junit-jupiter-api-5.7.1.jar;C:\Users\RossW\.m2\repository\org\apiguardian\apiguardian-api\1.1.0\apiguardian-api-1.1.0.jar;C:\Users\RossW\.m2\repository\org\opentest4j\opentest4j\1.2.0\opentest4j-1.2.0.jar;C:\Users\RossW\.m2\repository\org\junit\platform\junit-platform-commons\1.7.1\junit-platform-commons-1.7.1.jar;C:\Users\RossW\.m2\repository\org\junit\jupiter\junit-jupiter-params\5.7.1\junit-jupiter-params-5.7.1.jar;C:\Users\RossW\.m2\repository\org\junit\jupiter\junit-jupiter-engine\5.7.1\junit-jupiter-engine-5.7.1.jar;C:\Users\RossW\.m2\repository\org\junit\platform\junit-platform-engine\1.7.1\junit-platform-engine-1.7.1.jar;C:\Users\RossW\.m2\repository\org\mockito\mockito-core\3.6.28\mockito-core-3.6.28.jar;C:\Users\RossW\.m2\repository\net\bytebuddy\byte-buddy\1.10.22\byte-buddy-1.10.22.jar;C:\Users\RossW\.m2\repository\net\bytebuddy\byte-buddy-agent\1.10.22\byte-buddy-agent-1.10.22.jar;C:\Users\RossW\.m2\repository\org\objenesis\objenesis\3.1\objenesis-3.1.jar;C:\Users\RossW\.m2\repository\org\mockito\mockito-junit-jupiter\3.6.28\mockito-junit-jupiter-3.6.28.jar;C:\Users\RossW\.m2\repository\org\skyscreamer\jsonassert\1.5.0\jsonassert-1.5.0.jar;C:\Users\RossW\.m2\repository\com\vaadin\external\google\android-json\0.0.20131108.vaadin1\android-json-0.0.20131108.vaadin1.jar;C:\Users\RossW\.m2\repository\org\springframework\spring-test\5.3.5\spring-test-5.3.5.jar;C:\Users\RossW\.m2\repository\org\xmlunit\xmlunit-core\2.7.0\xmlunit-core-2.7.0.jar;C:\Users\RossW\.m2\repository\org\openscience\cdk\cdk-bundle\2.3\cdk-bundle-2.3.jar;C:\Users\RossW\.m2\repository\org\openscience\cdk\cdk-interfaces\2.3\cdk-interfaces-2.3.jar;C:\Users\RossW\.m2\repository\javax\vecmath\vecmath\1.5.2\vecmath-1.5.2.jar;C:\Users\RossW\.m2\repository\org\openscience\cdk\cdk-core\2.3\cdk-core-2.3.jar;C:\Users\RossW\.m2\repository\com\google\guava\guava\17.0\guava-17.0.jar;C:\Users\RossW\.m2\repository\org\openscience\cdk\cdk-standard\2.3\cdk-standard-2.3.jar;C:\Users\RossW\.m2\repository\org\openscience\cdk\cdk-atomtype\2.3\cdk-atomtype-2.3.jar;C:\Users\RossW\.m2\repository\org\openscience\cdk\cdk-valencycheck\2.3\cdk-valencycheck-2.3.jar;C:\Users\RossW\.m2\repository\org\openscience\cdk\cdk-diff\2.3\cdk-diff-2.3.jar;C:\Users\RossW\.m2\repository\org\openscience\cdk\cdk-data\2.3\cdk-data-2.3.jar;C:\Users\RossW\.m2\repository\org\openscience\cdk\cdk-ioformats\2.3\cdk-ioformats-2.3.jar;C:\Users\RossW\.m2\repository\org\openscience\cdk\cdk-silent\2.3\cdk-silent-2.3.jar;C:\Users\RossW\.m2\repository\org\openscience\cdk\cdk-isomorphism\2.3\cdk-isomorphism-2.3.jar;C:\Users\RossW\.m2\repository\org\openscience\cdk\cdk-datadebug\2.3\cdk-datadebug-2.3.jar;C:\Users\RossW\.m2\repository\org\openscience\cdk\cdk-io\2.3\cdk-io-2.3.jar;C:\Users\RossW\.m2\repository\org\openscience\cdk\cdk-formula\2.3\cdk-formula-2.3.jar;C:\Users\RossW\.m2\repository\org\openscience\cdk\cdk-dict\2.3\cdk-dict-2.3.jar;C:\Users\RossW\.m2\repository\xom\xom\1.2.5\xom-1.2.5.jar;C:\Users\RossW\.m2\repository\xerces\xercesImpl\2.8.0\xercesImpl-2.8.0.jar;C:\Users\RossW\.m2\repository\xalan\xalan\2.7.0\xalan-2.7.0.jar;C:\Users\RossW\.m2\repository\xml-apis\xml-apis\1.3.03\xml-apis-1.3.03.jar;C:\Users\RossW\.m2\repository\org\openscience\cdk\cdk-pdb\2.3\cdk-pdb-2.3.jar;C:\Users\RossW\.m2\repository\org\openscience\cdk\cdk-ctab\2.3\cdk-ctab-2.3.jar;C:\Users\RossW\.m2\repository\org\openscience\cdk\cdk-libiocml\2.3\cdk-libiocml-2.3.jar;C:\Users\RossW\.m2\repository\org\xml-cml\cmlxom\3.1\cmlxom-3.1.jar;C:\Users\RossW\.m2\repository\org\xml-cml\euclid\1.0.1\euclid-1.0.1.jar;C:\Users\RossW\.m2\repository\org\apache\commons\commons-math\2.2\commons-math-2.2.jar;C:\Users\RossW\.m2\repository\org\ccil\cowan\tagsoup\tagsoup\1.2\tagsoup-1.2.jar;C:\Users\RossW\.m2\repository\log4j\log4j\1.2.16\log4j-1.2.16.jar;C:\Users\RossW\.m2\repository\joda-time\joda-time\1.6.2\joda-time-1.6.2.jar;C:\Users\RossW\.m2\repository\commons-io\commons-io\2.0.1\commons-io-2.0.1.jar;C:\Users\RossW\.m2\repository\org\openscience\cdk\cdk-smiles\2.3\cdk-smiles-2.3.jar;C:\Users\RossW\.m2\repository\uk\ac\ebi\beam\beam-core\1.3.3\beam-core-1.3.3.jar;C:\Users\RossW\.m2\repository\uk\ac\ebi\beam\beam-func\1.3.3\beam-func-1.3.3.jar;C:\Users\RossW\.m2\repository\org\openscience\cdk\cdk-extra\2.3\cdk-extra-2.3.jar;C:\Users\RossW\.m2\repository\gov\nist\math\jama\1.0.3\jama-1.0.3.jar;C:\Users\RossW\.m2\repository\org\openscience\cdk\cdk-smarts\2.3\cdk-smarts-2.3.jar;C:\Users\RossW\.m2\repository\org\openscience\cdk\cdk-reaction\2.3\cdk-reaction-2.3.jar;C:\Users\RossW\.m2\repository\org\openscience\cdk\cdk-fingerprint\2.3\cdk-fingerprint-2.3.jar;C:\Users\RossW\.m2\repository\org\apache\commons\commons-math3\3.1.1\commons-math3-3.1.1.jar;C:\Users\RossW\.m2\repository\org\openscience\cdk\cdk-cip\2.3\cdk-cip-2.3.jar;C:\Users\RossW\.m2\repository\org\openscience\cdk\cdk-signature\2.3\cdk-signature-2.3.jar;C:\Users\RossW\.m2\repository\com\github\gilleain\signatures\signatures\1.1\signatures-1.1.jar;C:\Users\RossW\.m2\repository\org\openscience\cdk\cdk-charges\2.3\cdk-charges-2.3.jar;C:\Users\RossW\.m2\repository\org\openscience\cdk\cdk-forcefield\2.3\cdk-forcefield-2.3.jar;C:\Users\RossW\.m2\repository\org\openscience\cdk\cdk-sdg\2.3\cdk-sdg-2.3.jar;C:\Users\RossW\.m2\repository\org\openscience\cdk\cdk-builder3dtools\2.3\cdk-builder3dtools-2.3.jar;C:\Users\RossW\.m2\repository\org\openscience\cdk\cdk-builder3d\2.3\cdk-builder3d-2.3.jar;C:\Users\RossW\.m2\repository\org\openscience\cdk\cdk-qsar\2.3\cdk-qsar-2.3.jar;C:\Users\RossW\.m2\repository\org\openscience\cdk\cdk-ionpot\2.3\cdk-ionpot-2.3.jar;C:\Users\RossW\.m2\repository\org\openscience\cdk\cdk-qsaratomic\2.3\cdk-qsaratomic-2.3.jar;C:\Users\RossW\.m2\repository\org\openscience\cdk\cdk-qsarbond\2.3\cdk-qsarbond-2.3.jar;C:\Users\RossW\.m2\repository\org\openscience\cdk\cdk-hash\2.3\cdk-hash-2.3.jar;C:\Users\RossW\.m2\repository\org\openscience\cdk\cdk-fragment\2.3\cdk-fragment-2.3.jar;C:\Users\RossW\.m2\repository\org\openscience\cdk\cdk-model\2.3\cdk-model-2.3.jar;C:\Users\RossW\.m2\repository\org\openscience\cdk\cdk-qsarmolecular\2.3\cdk-qsarmolecular-2.3.jar;C:\Users\RossW\.m2\repository\org\openscience\cdk\cdk-qsarcml\2.3\cdk-qsarcml-2.3.jar;C:\Users\RossW\.m2\repository\org\openscience\cdk\cdk-qsarionpot\2.3\cdk-qsarionpot-2.3.jar;C:\Users\RossW\.m2\repository\org\openscience\cdk\cdk-qsarprotein\2.3\cdk-qsarprotein-2.3.jar;C:\Users\RossW\.m2\repository\org\openscience\cdk\cdk-render\2.3\cdk-render-2.3.jar;C:\Users\RossW\.m2\repository\org\openscience\cdk\cdk-renderbasic\2.3\cdk-renderbasic-2.3.jar;C:\Users\RossW\.m2\repository\org\openscience\cdk\cdk-renderawt\2.3\cdk-renderawt-2.3.jar;C:\Users\RossW\.m2\repository\org\openscience\cdk\cdk-renderextra\2.3\cdk-renderextra-2.3.jar;C:\Users\RossW\.m2\repository\org\openscience\cdk\cdk-control\2.3\cdk-control-2.3.jar;C:\Users\RossW\.m2\repository\org\openscience\cdk\cdk-qm\2.3\cdk-qm-2.3.jar;C:\Users\RossW\.m2\repository\org\openscience\cdk\cdk-iordf\2.3\cdk-iordf-2.3.jar;C:\Users\RossW\.m2\repository\org\apache\jena\jena-core\2.7.4\jena-core-2.7.4.jar;C:\Users\RossW\.m2\repository\org\apache\jena\jena-iri\0.9.4\jena-iri-0.9.4.jar;C:\Users\RossW\.m2\repository\org\openscience\cdk\cdk-libiomd\2.3\cdk-libiomd-2.3.jar;C:\Users\RossW\.m2\repository\org\openscience\cdk\cdk-pdbcml\2.3\cdk-pdbcml-2.3.jar;C:\Users\RossW\.m2\repository\org\openscience\cdk\cdk-inchi\2.3\cdk-inchi-2.3.jar;C:\Users\RossW\.m2\repository\net\sf\jni-inchi\jni-inchi\0.8\jni-inchi-0.8.jar;C:\Users\RossW\.m2\repository\net\sf\jnati\jnati-deploy\0.4\jnati-deploy-0.4.jar;C:\Users\RossW\.m2\repository\net\sf\jnati\jnati-core\0.4\jnati-core-0.4.jar;C:\Users\RossW\.m2\repository\org\openscience\cdk\cdk-group\2.3\cdk-group-2.3.jar;C:\Users\RossW\.m2\repository\org\openscience\cdk\cdk-pcore\2.3\cdk-pcore-2.3.jar;C:\Users\RossW\.m2\repository\org\openscience\cdk\cdk-smsd\2.3\cdk-smsd-2.3.jar;C:\Users\RossW\.m2\repository\org\openscience\cdk\cdk-structgen\2.3\cdk-structgen-2.3.jar;C:\Users\RossW\.m2\repository\org\openscience\cdk\cdk-tautomer\2.3\cdk-tautomer-2.3.jar;C:\Users\RossW\.m2\repository\org\openscience\cdk\cdk-legacy\2.3\cdk-legacy-2.3.jar;C:\Users\RossW\.m2\repository\jgrapht\jgrapht\0.6.0\jgrapht-0.6.0.jar;C:\Users\RossW\.m2\repository\org\openscience\cdk\cdk-depict\2.3\cdk-depict-2.3.jar;C:\Users\RossW\.m2\repository\org\freehep\freehep-graphicsio-svg\2.4\freehep-graphicsio-svg-2.4.jar;C:\Users\RossW\.m2\repository\org\freehep\freehep-graphics2d\2.4\freehep-graphics2d-2.4.jar;C:\Users\RossW\.m2\repository\junit\junit\4.13.2\junit-4.13.2.jar;C:\Users\RossW\.m2\repository\org\hamcrest\hamcrest-core\2.2\hamcrest-core-2.2.jar;C:\Users\RossW\.m2\repository\org\freehep\freehep-graphicsio\2.4\freehep-graphicsio-2.4.jar;C:\Users\RossW\.m2\repository\org\freehep\freehep-io\2.2.2\freehep-io-2.2.2.jar;C:\Users\RossW\.m2\repository\org\freehep\freehep-graphicsio-tests\2.4\freehep-graphicsio-tests-2.4.jar;C:\Users\RossW\.m2\repository\org\freehep\freehep-graphicsbase\2.4\freehep-graphicsbase-2.4.jar;C:\Users\RossW\.m2\repository\org\freehep\freehep-graphicsio-pdf\2.4\freehep-graphicsio-pdf-2.4.jar;C:\Users\RossW\.m2\repository\org\freehep\freehep-graphicsio-ps\2.4\freehep-graphicsio-ps-2.4.jar;C:\Users\RossW\.m2\repository\org\projectlombok\lombok\1.18.18\lombok-1.18.18.jar;C:\Users\RossW\.m2\repository\org\springframework\boot\spring-boot-starter-web\2.4.4\spring-boot-starter-web-2.4.4.jar;C:\Users\RossW\.m2\repository\org\springframework\boot\spring-boot-starter-json\2.4.4\spring-boot-starter-json-2.4.4.jar;C:\Users\RossW\.m2\repository\com\fasterxml\jackson\core\jackson-databind\2.11.4\jackson-databind-2.11.4.jar;C:\Users\RossW\.m2\repository\com\fasterxml\jackson\core\jackson-core\2.11.4\jackson-core-2.11.4.jar;C:\Users\RossW\.m2\repository\com\fasterxml\jackson\datatype\jackson-datatype-jdk8\2.11.4\jackson-datatype-jdk8-2.11.4.jar;C:\Users\RossW\.m2\repository\com\fasterxml\jackson\datatype\jackson-datatype-jsr310\2.11.4\jackson-datatype-jsr310-2.11.4.jar;C:\Users\RossW\.m2\repository\com\fasterxml\jackson\module\jackson-module-parameter-names\2.11.4\jackson-module-parameter-names-2.11.4.jar;C:\Users\RossW\.m2\repository\org\springframework\boot\spring-boot-starter-tomcat\2.4.4\spring-boot-starter-tomcat-2.4.4.jar;C:\Users\RossW\.m2\repository\org\apache\tomcat\embed\tomcat-embed-core\9.0.44\tomcat-embed-core-9.0.44.jar;C:\Users\RossW\.m2\repository\org\glassfish\jakarta.el\3.0.3\jakarta.el-3.0.3.jar;C:\Users\RossW\.m2\repository\org\apache\tomcat\embed\tomcat-embed-websocket\9.0.44\tomcat-embed-websocket-9.0.44.jar;C:\Users\RossW\.m2\repository\org\springframework\spring-webmvc\5.3.5\spring-webmvc-5.3.5.jar;C:\Users\RossW\.m2\repository\org\springframework\spring-aop\5.3.5\spring-aop-5.3.5.jar;C:\Users\RossW\.m2\repository\org\springframework\spring-expression\5.3.5\spring-expression-5.3.5.jar;C:\Users\RossW\.m2\repository\io\springfox\springfox-swagger2\3.0.0\springfox-swagger2-3.0.0.jar;C:\Users\RossW\.m2\repository\io\springfox\springfox-spi\3.0.0\springfox-spi-3.0.0.jar;C:\Users\RossW\.m2\repository\io\springfox\springfox-core\3.0.0\springfox-core-3.0.0.jar;C:\Users\RossW\.m2\repository\io\springfox\springfox-schema\3.0.0\springfox-schema-3.0.0.jar;C:\Users\RossW\.m2\repository\io\springfox\springfox-swagger-common\3.0.0\springfox-swagger-common-3.0.0.jar;C:\Users\RossW\.m2\repository\io\swagger\core\v3\swagger-annotations\2.1.2\swagger-annotations-2.1.2.jar;C:\Users\RossW\.m2\repository\io\springfox\springfox-spring-web\3.0.0\springfox-spring-web-3.0.0.jar;C:\Users\RossW\.m2\repository\io\github\classgraph\classgraph\4.8.83\classgraph-4.8.83.jar;C:\Users\RossW\.m2\repository\io\springfox\springfox-spring-webmvc\3.0.0\springfox-spring-webmvc-3.0.0.jar;C:\Users\RossW\.m2\repository\io\springfox\springfox-spring-webflux\3.0.0\springfox-spring-webflux-3.0.0.jar;C:\Users\RossW\.m2\repository\com\fasterxml\classmate\1.5.1\classmate-1.5.1.jar;C:\Users\RossW\.m2\repository\org\slf4j\slf4j-api\1.7.30\slf4j-api-1.7.30.jar;C:\Users\RossW\.m2\repository\org\springframework\plugin\spring-plugin-core\2.0.0.RELEASE\spring-plugin-core-2.0.0.RELEASE.jar;C:\Users\RossW\.m2\repository\org\springframework\plugin\spring-plugin-metadata\2.0.0.RELEASE\spring-plugin-metadata-2.0.0.RELEASE.jar;C:\Users\RossW\.m2\repository\io\swagger\swagger-annotations\1.5.20\swagger-annotations-1.5.20.jar;C:\Users\RossW\.m2\repository\io\swagger\swagger-models\1.5.20\swagger-models-1.5.20.jar;C:\Users\RossW\.m2\repository\com\fasterxml\jackson\core\jackson-annotations\2.11.4\jackson-annotations-2.11.4.jar;C:\Users\RossW\.m2\repository\org\mapstruct\mapstruct\1.3.1.Final\mapstruct-1.3.1.Final.jar;C:\Users\RossW\.m2\repository\io\springfox\springfox-boot-starter\3.0.0\springfox-boot-starter-3.0.0.jar;C:\Users\RossW\.m2\repository\io\springfox\springfox-oas\3.0.0\springfox-oas-3.0.0.jar;C:\Users\RossW\.m2\repository\io\swagger\core\v3\swagger-models\2.1.2\swagger-models-2.1.2.jar;C:\Users\RossW\.m2\repository\io\springfox\springfox-data-rest\3.0.0\springfox-data-rest-3.0.0.jar;C:\Users\RossW\.m2\repository\io\springfox\springfox-bean-validators\3.0.0\springfox-bean-validators-3.0.0.jar;C:\Users\RossW\.m2\repository\io\springfox\springfox-swagger-ui\2.9.2\springfox-swagger-ui-2.9.2.jar;"/>
    <property name="sun.cpu.endian" value="little"/>
    <property name="user.home" value="C:\Users\RossW"/>
    <property name="user.language" value="en"/>
    <property name="java.specification.vendor" value="Oracle Corporation"/>
    <property name="java.version.date" value="2021-01-19"/>
    <property name="java.home" value="C:\Users\RossW\.p2\pool\plugins\org.eclipse.justj.openjdk.hotspot.jre.full.win32.x86_64_15.0.2.v20210201-0955\jre"/>
    <property name="file.separator" value="\"/>
    <property name="basedir" value="C:\Users\RossW\eclipse-workspace\depiction-engine"/>
    <property name="java.vm.compressedOopsMode" value="Zero based"/>
    <property name="line.separator" value="&#10;"/>
    <property name="java.vm.specification.vendor" value="Oracle Corporation"/>
    <property name="java.specification.name" value="Java Platform API Specification"/>
    <property name="surefire.real.class.path" value="C:\Users\RossW\AppData\Local\Temp\surefire5727025333214132569\surefirebooter11717021756443888230.jar"/>
    <property name="user.script" value=""/>
    <property name="sun.management.compiler" value="HotSpot 64-Bit Tiered Compilers"/>
    <property name="java.runtime.version" value="15.0.2+7-27"/>
    <property name="user.name" value="RossW"/>
    <property name="path.separator" value=";"/>
    <property name="os.version" value="10.0"/>
    <property name="java.runtime.name" value="OpenJDK Runtime Environment"/>
    <property name="file.encoding" value="Cp1252"/>
    <property name="java.vm.name" value="OpenJDK 64-Bit Server VM"/>
    <property name="localRepository" value="C:\Users\RossW\.m2\repository"/>
    <property name="java.vendor.url.bug" value="https://bugreport.java.com/bugreport/"/>
    <property name="java.io.tmpdir" value="C:\Users\RossW\AppData\Local\Temp\"/>
    <property name="java.version" value="15.0.2"/>
    <property name="user.dir" value="C:\Users\RossW\eclipse-workspace\depiction-engine"/>
    <property name="os.arch" value="amd64"/>
    <property name="java.vm.specification.name" value="Java Virtual Machine Specification"/>
    <property name="sun.os.patch.level" value=""/>
    <property name="java.library.path" value="C:\Users\RossW\.p2\pool\plugins\org.eclipse.justj.openjdk.hotspot.jre.full.win32.x86_64_15.0.2.v20210201-0955\jre\bin;C:\Windows\Sun\Java\bin;C:\Windows\system32;C:\Windows;C:/Users/RossW/.p2/pool/plugins/org.eclipse.justj.openjdk.hotspot.jre.full.win32.x86_64_15.0.2.v20210201-0955/jre/bin/server;C:/Users/RossW/.p2/pool/plugins/org.eclipse.justj.openjdk.hotspot.jre.full.win32.x86_64_15.0.2.v20210201-0955/jre/bin;C:\Python39\Scripts\;C:\Python39\;C:\Program Files\Common Files\Oracle\Java\javapath;C:\Windows\system32;C:\Windows;C:\Windows\System32\Wbem;C:\Windows\System32\WindowsPowerShell\v1.0\;C:\Windows\System32\OpenSSH\;C:\Program Files (x86)\NVIDIA Corporation\PhysX\Common;C:\Program Files\nodejs\;C:\ProgramData\chocolatey\bin;C:\Users\RossW\AppData\Local\Microsoft\WindowsApps;C:\Users\RossW\AppData\Local\GitHubDesktop\bin;C:\Users\RossW\AppData\Local\Programs\Microsoft VS Code\bin;C:\Users\RossW\AppData\Roaming\npm;C:\Users\RossW\Desktop;;."/>
    <property name="java.vm.info" value="mixed mode"/>
    <property name="java.vendor" value="Oracle Corporation"/>
    <property name="java.vm.version" value="15.0.2+7-27"/>
    <property name="sun.io.unicode.encoding" value="UnicodeLittle"/>
    <property name="java.class.version" value="59.0"/>
  </properties>
  <testcase name="contextLoads" classname="com.westross.depictor.DepictionEngineApplicationTests" time="0.417"/>
</testsuite>